<?xml version="1.0" encoding="UTF-8"?>
<!-- Generated by org.testng.reporters.JUnitReportReporter -->
<testsuite hostname="ARICENT-FK8NU4P" name="MavenJenkins.Login" tests="1" failures="0" timestamp="23 Jan 2019 19:24:12 GMT" time="5.670" errors="0">
  <testcase name="f" time="5.670" classname="MavenJenkins.Login"/>
</testsuite> <!-- MavenJenkins.Login -->
